INFO:__main__:
INFO:__main__:======== Epoch 1 / 5 ========
INFO:__main__:Training...
INFO:__main__:  Batch     0  of    241.    Elapsed: 0:00:00.
INFO:__main__:  Batch     1  of    241.    Elapsed: 0:00:03.
INFO:__main__:  Batch     2  of    241.    Elapsed: 0:00:03.
INFO:__main__:  Batch     3  of    241.    Elapsed: 0:00:04.
INFO:__main__:  Batch     4  of    241.    Elapsed: 0:00:04.
INFO:__main__:  Batch     5  of    241.    Elapsed: 0:00:04.
INFO:__main__:  Batch     6  of    241.    Elapsed: 0:00:05.
INFO:__main__:  Batch     7  of    241.    Elapsed: 0:00:05.
INFO:__main__:  Batch     8  of    241.    Elapsed: 0:00:05.
INFO:__main__:  Batch     9  of    241.    Elapsed: 0:00:06.
INFO:__main__:  Batch    10  of    241.    Elapsed: 0:00:06.
INFO:__main__:  Batch    11  of    241.    Elapsed: 0:00:06.
INFO:__main__:  Batch    12  of    241.    Elapsed: 0:00:06.
INFO:__main__:  Batch    13  of    241.    Elapsed: 0:00:07.
INFO:__main__:  Batch    14  of    241.    Elapsed: 0:00:07.
INFO:__main__:  Batch    15  of    241.    Elapsed: 0:00:07.
INFO:__main__:  Batch    16  of    241.    Elapsed: 0:00:08.
INFO:__main__:  Batch    17  of    241.    Elapsed: 0:00:08.
INFO:__main__:  Batch    18  of    241.    Elapsed: 0:00:08.
INFO:__main__:  Batch    19  of    241.    Elapsed: 0:00:09.
INFO:__main__:  Batch    20  of    241.    Elapsed: 0:00:09.
INFO:__main__:  Batch    21  of    241.    Elapsed: 0:00:09.
INFO:__main__:  Batch    22  of    241.    Elapsed: 0:00:10.
INFO:__main__:  Batch    23  of    241.    Elapsed: 0:00:10.
INFO:__main__:  Batch    24  of    241.    Elapsed: 0:00:10.
INFO:__main__:  Batch    25  of    241.    Elapsed: 0:00:10.
INFO:__main__:  Batch    26  of    241.    Elapsed: 0:00:11.
INFO:__main__:  Batch    27  of    241.    Elapsed: 0:00:11.
INFO:__main__:  Batch    28  of    241.    Elapsed: 0:00:11.
INFO:__main__:  Batch    29  of    241.    Elapsed: 0:00:12.
INFO:__main__:  Batch    30  of    241.    Elapsed: 0:00:12.
INFO:__main__:  Batch    31  of    241.    Elapsed: 0:00:12.
INFO:__main__:  Batch    32  of    241.    Elapsed: 0:00:13.
INFO:__main__:  Batch    33  of    241.    Elapsed: 0:00:13.
INFO:__main__:  Batch    34  of    241.    Elapsed: 0:00:13.
INFO:__main__:  Batch    35  of    241.    Elapsed: 0:00:13.
INFO:__main__:  Batch    36  of    241.    Elapsed: 0:00:14.
INFO:__main__:  Batch    37  of    241.    Elapsed: 0:00:14.
INFO:__main__:  Batch    38  of    241.    Elapsed: 0:00:14.
INFO:__main__:  Batch    39  of    241.    Elapsed: 0:00:15.
INFO:__main__:  Batch    40  of    241.    Elapsed: 0:00:15.
INFO:__main__:  Batch    41  of    241.    Elapsed: 0:00:15.
INFO:__main__:  Batch    42  of    241.    Elapsed: 0:00:16.
INFO:__main__:  Batch    43  of    241.    Elapsed: 0:00:16.
INFO:__main__:  Batch    44  of    241.    Elapsed: 0:00:16.
INFO:__main__:  Batch    45  of    241.    Elapsed: 0:00:17.
INFO:__main__:  Batch    46  of    241.    Elapsed: 0:00:17.
INFO:__main__:  Batch    47  of    241.    Elapsed: 0:00:17.
INFO:__main__:  Batch    48  of    241.    Elapsed: 0:00:17.
INFO:__main__:  Batch    49  of    241.    Elapsed: 0:00:18.
INFO:__main__:  Batch    50  of    241.    Elapsed: 0:00:18.
INFO:__main__:  Batch    51  of    241.    Elapsed: 0:00:18.
INFO:__main__:  Batch    52  of    241.    Elapsed: 0:00:19.
INFO:__main__:  Batch    53  of    241.    Elapsed: 0:00:19.
INFO:__main__:  Batch    54  of    241.    Elapsed: 0:00:19.
INFO:__main__:  Batch    55  of    241.    Elapsed: 0:00:20.
INFO:__main__:  Batch    56  of    241.    Elapsed: 0:00:20.
INFO:__main__:  Batch    57  of    241.    Elapsed: 0:00:20.
INFO:__main__:  Batch    58  of    241.    Elapsed: 0:00:20.
INFO:__main__:  Batch    59  of    241.    Elapsed: 0:00:21.
INFO:__main__:  Batch    60  of    241.    Elapsed: 0:00:21.
INFO:__main__:  Batch    61  of    241.    Elapsed: 0:00:21.
INFO:__main__:  Batch    62  of    241.    Elapsed: 0:00:22.
INFO:__main__:  Batch    63  of    241.    Elapsed: 0:00:22.
INFO:__main__:  Batch    64  of    241.    Elapsed: 0:00:22.
INFO:__main__:  Batch    65  of    241.    Elapsed: 0:00:23.
INFO:__main__:  Batch    66  of    241.    Elapsed: 0:00:23.
INFO:__main__:  Batch    67  of    241.    Elapsed: 0:00:23.
INFO:__main__:  Batch    68  of    241.    Elapsed: 0:00:24.
INFO:__main__:  Batch    69  of    241.    Elapsed: 0:00:24.
INFO:__main__:  Batch    70  of    241.    Elapsed: 0:00:24.
INFO:__main__:  Batch    71  of    241.    Elapsed: 0:00:24.
INFO:__main__:  Batch    72  of    241.    Elapsed: 0:00:25.
INFO:__main__:  Batch    73  of    241.    Elapsed: 0:00:25.
INFO:__main__:  Batch    74  of    241.    Elapsed: 0:00:25.
INFO:__main__:  Batch    75  of    241.    Elapsed: 0:00:26.
INFO:__main__:  Batch    76  of    241.    Elapsed: 0:00:26.
INFO:__main__:  Batch    77  of    241.    Elapsed: 0:00:26.
INFO:__main__:  Batch    78  of    241.    Elapsed: 0:00:27.
INFO:__main__:  Batch    79  of    241.    Elapsed: 0:00:27.
INFO:__main__:  Batch    80  of    241.    Elapsed: 0:00:27.
INFO:__main__:  Batch    81  of    241.    Elapsed: 0:00:28.
INFO:__main__:  Batch    82  of    241.    Elapsed: 0:00:28.
INFO:__main__:  Batch    83  of    241.    Elapsed: 0:00:28.
INFO:__main__:  Batch    84  of    241.    Elapsed: 0:00:28.
INFO:__main__:  Batch    85  of    241.    Elapsed: 0:00:29.
INFO:__main__:  Batch    86  of    241.    Elapsed: 0:00:29.
INFO:__main__:  Batch    87  of    241.    Elapsed: 0:00:29.
INFO:__main__:  Batch    88  of    241.    Elapsed: 0:00:30.
INFO:__main__:  Batch    89  of    241.    Elapsed: 0:00:30.
INFO:__main__:  Batch    90  of    241.    Elapsed: 0:00:30.
INFO:__main__:  Batch    91  of    241.    Elapsed: 0:00:31.
INFO:__main__:  Batch    92  of    241.    Elapsed: 0:00:31.
INFO:__main__:  Batch    93  of    241.    Elapsed: 0:00:31.
INFO:__main__:  Batch    94  of    241.    Elapsed: 0:00:32.
INFO:__main__:  Batch    95  of    241.    Elapsed: 0:00:32.
INFO:__main__:  Batch    96  of    241.    Elapsed: 0:00:32.
INFO:__main__:  Batch    97  of    241.    Elapsed: 0:00:33.
INFO:__main__:  Batch    98  of    241.    Elapsed: 0:00:33.
INFO:__main__:  Batch    99  of    241.    Elapsed: 0:00:33.
INFO:__main__:  Batch   100  of    241.    Elapsed: 0:00:33.
INFO:__main__:  Batch   101  of    241.    Elapsed: 0:00:34.
INFO:__main__:  Batch   102  of    241.    Elapsed: 0:00:34.
INFO:__main__:  Batch   103  of    241.    Elapsed: 0:00:34.
INFO:__main__:  Batch   104  of    241.    Elapsed: 0:00:35.
INFO:__main__:  Batch   105  of    241.    Elapsed: 0:00:35.
INFO:__main__:  Batch   106  of    241.    Elapsed: 0:00:35.
INFO:__main__:  Batch   107  of    241.    Elapsed: 0:00:36.
INFO:__main__:  Batch   108  of    241.    Elapsed: 0:00:36.
INFO:__main__:  Batch   109  of    241.    Elapsed: 0:00:36.
IINFO:__main__:  Batch   194  of    241.    Elapsed: 0:01:03.
INFO:__main__:  Batch   195  of    241.    Elapsed: 0:01:04.
INFO:__main__:  Batch   196  of    241.    Elapsed: 0:01:04.
INFO:__main__:  Batch   197  of    241.    Elapsed: 0:01:04.
INFO:__main__:  Batch   198  of    241.    Elapsed: 0:01:05.
INFO:__main__:  Batch   199  of    241.    Elapsed: 0:01:05.
INFO:__main__:  Batch   200  of    241.    Elapsed: 0:01:05.
INFO:__main__:  Batch   201  of    241.    Elapsed: 0:01:06.
INFO:__main__:  Batch   202  of    241.    Elapsed: 0:01:06.
INFO:__main__:  Batch   203  of    241.    Elapsed: 0:01:06.
INFO:__main__:  Batch   204  of    241.    Elapsed: 0:01:07.
INFO:__main__:  Batch   205  of    241.    Elapsed: 0:01:07.
INFO:__main__:  Batch   206  of    241.    Elapsed: 0:01:07.
INFO:__main__:  Batch   207  of    241.    Elapsed: 0:01:08.
INFO:__main__:  Batch   208  of    241.    Elapsed: 0:01:08.
INFO:__main__:  Batch   209  of    241.    Elapsed: 0:01:09.
INFO:__main__:  Batch   210  of    241.    Elapsed: 0:01:09.
INFO:__main__:  Batch   211  of    241.    Elapsed: 0:01:09.
INFO:__main__:  Batch   212  of    241.    Elapsed: 0:01:10.
INFO:__main__:  Batch   213  of    241.    Elapsed: 0:01:10.
INFO:__main__:  Batch   214  of    241.    Elapsed: 0:01:10.
INFO:__main__:  Batch   215  of    241.    Elapsed: 0:01:11.
INFO:__main__:  Batch   216  of    241.    Elapsed: 0:01:11.
INFO:__main__:  Batch   217  of    241.    Elapsed: 0:01:11.
INFO:__main__:  Batch   218  of    241.    Elapsed: 0:01:12.
INFO:__main__:  Batch   219  of    241.    Elapsed: 0:01:12.
INFO:__main__:  Batch   220  of    241.    Elapsed: 0:01:12.
INFO:__main__:  Batch   221  of    241.    Elapsed: 0:01:13.
INFO:__main__:  Batch   222  of    241.    Elapsed: 0:01:13.
INFO:__main__:  Batch   223  of    241.    Elapsed: 0:01:14.
INFO:__main__:  Batch   224  of    241.    Elapsed: 0:01:14.
INFO:__main__:  Batch   225  of    241.    Elapsed: 0:01:14.
INFO:__main__:  Batch   226  of    241.    Elapsed: 0:01:15.
INFO:__main__:  Batch   227  of    241.    Elapsed: 0:01:15.
INFO:__main__:  Batch   228  of    241.    Elapsed: 0:01:15.
INFO:__main__:  Batch   229  of    241.    Elapsed: 0:01:16.
INFO:__main__:  Batch   230  of    241.    Elapsed: 0:01:16.
INFO:__main__:  Batch   231  of    241.    Elapsed: 0:01:16.
INFO:__main__:  Batch   232  of    241.    Elapsed: 0:01:17.
INFO:__main__:  Batch   233  of    241.    Elapsed: 0:01:17.
INFO:__main__:  Batch   234  of    241.    Elapsed: 0:01:17.
INFO:__main__:  Batch   235  of    241.    Elapsed: 0:01:18.
INFO:__main__:  Batch   236  of    241.    Elapsed: 0:01:18.
INFO:__main__:  Batch   237  of    241.    Elapsed: 0:01:18.
INFO:__main__:  Batch   238  of    241.    Elapsed: 0:01:19.
INFO:__main__:  Batch   239  of    241.    Elapsed: 0:01:19.
INFO:__main__:  Batch   240  of    241.    Elapsed: 0:01:19.
INFO:__main__:
INFO:__main__:  Average training loss: 0.49
INFO:__main__:  Training epcoh took: 0:01:19
INFO:__main__:
INFO:__main__:Running Validation...
INFO:__main__:  Accuracy: 0.79
INFO:__main__:  Validation Loss: 0.49
INFO:__main__:  Validation took: 0:00:03
INFO:__main__:
INFO:__main__:======== Epoch 2 / 5 ========
INFO:__main__:Training...
INFO:__main__:  Batch     0  of    241.    Elapsed: 0:00:00.
INFO:__main__:  Batch     1  of    241.    Elapsed: 0:00:00.
INFO:__main__:  Batch     2  of    241.    Elapsed: 0:00:01.
INFO:__main__:  Batch     3  of    241.    Elapsed: 0:00:01.
INFO:__main__:  Batch     4  of    241.    Elapsed: 0:00:01.
INFO:__main__:  Batch     5  of    241.    Elapsed: 0:00:02.
INFO:__main__:  Batch     6  of    241.    Elapsed: 0:00:02.
INFO:__main__:  Batch     7  of    241.    Elapsed: 0:00:02.
INFO:__main__:  Batch     8  of    241.    Elapsed: 0:00:03.
INFO:__main__:  Batch     9  of    241.    Elapsed: 0:00:03.
INFO:__main__:  Batch    10  of    241.    Elapsed: 0:00:04.
INFO:__main__:  Batch    11  of    241.    Elapsed: 0:00:04.
INFO:__main__:  Batch    12  of    241.    Elapsed: 0:00:04.
INFO:__main__:  Batch    13  of    241.    Elapsed: 0:00:05.
INFO:__main__:  Batch    14  of    241.    Elapsed: 0:00:05.
INFO:__main__:  Batch    15  of    241.    Elapsed: 0:00:06.
INFO:__main__:  Batch    16  of    241.    Elapsed: 0:00:06.
INFO:__main__:  Batch    17  of    241.    Elapsed: 0:00:06.
INFO:__main__:  Batch    18  of    241.    Elapsed: 0:00:07.
INFO:__main__:  Batch    19  of    241.    Elapsed: 0:00:07.
INFO:__main__:  Batch    20  of    241.    Elapsed: 0:00:07.
INFO:__main__:  Batch    21  of    241.    Elapsed: 0:00:08.
INFO:__main__:  Batch    22  of    241.    Elapsed: 0:00:08.
INFO:__main__:  Batch    23  of    241.    Elapsed: 0:00:08.
INFO:__main__:  Batch    24  of    241.    Elapsed: 0:00:09.
INFO:__main__:  Batch    25  of    241.    Elapsed: 0:00:09.
INFO:__main__:  Batch    26  of    241.    Elapsed: 0:00:09.
INFO:__main__:  Batch    27  of    241.    Elapsed: 0:00:10.
INFO:__main__:  Batch    28  of    241.    Elapsed: 0:00:10.
INFO:__main__:  Batch    29  of    241.    Elapsed: 0:00:10.
INFO:__main__:  Batch    30  of    241.    Elapsed: 0:00:11.
INFO:__main__:  Batch    31  of    241.    Elapsed: 0:00:11.
INFO:__main__:  Batch    32  of    241.    Elapsed: 0:00:11.
INFO:__main__:  Batch    33  of    241.    Elapsed: 0:00:12.
INFO:__main__:  Batch    34  of    241.    Elapsed: 0:00:12.
INFO:__main__:  Batch    35  of    241.    Elapsed: 0:00:12.
INFO:__main__:  Batch    36  of    241.    Elapsed: 0:00:13.
INFO:__main__:  Batch    37  of    241.    Elapsed: 0:00:13.
INFO:__main__:  Batch    38  of    241.    Elapsed: 0:00:13.
INFO:__main__:  Batch    39  of    241.    Elapsed: 0:00:14.
INFO:__main__:  Batch    40  of    241.    Elapsed: 0:00:14.
INFO:__main__:  Batch    41  of    241.    Elapsed: 0:00:14.
INFO:__main__:  Batch    42  of    241.    Elapsed: 0:00:15.
INFO:__main__:  Batch    43  of    241.    Elapsed: 0:00:15.
INFO:__main__:  Batch    44  of    241.    Elapsed: 0:00:15.
INFO:__main__:  Batch    45  of    241.    Elapsed: 0:00:16.
INFO:__main__:  Batch    46  of    241.    Elapsed: 0:00:16.
INFO:__main__:  Batch    47  of    241.    Elapsed: 0:00:16.
INFO:__main__:  Batch    48  of    241.    Elapsed: 0:00:17.
INFO:__main__:  Batch    49  of    241.    Elapsed: 0:00:17.
INFO:__main__:  Batch    50  of    241.    Elapsed: 0:00:17.
INFO:__main__:  Batch    51  of    241.    Elapsed: 0:00:18.
INFO:__main__:  Batch    52  of    241.    Elapsed: 0:00:18.
INFO:__main__:  Batch    53  of    241.    Elapsed: 0:00:18.
INFO:__main__:  Batch    54  of    241.    Elapsed: 0:00:19.
INFO:__main__:  Batch    55  of    241.    Elapsed: 0:00:19.
INFO:__main__:  Batch    56  of    241.    Elapsed: 0:00:19.
INFO:__main__:  Batch    57  of    241.    Elapsed: 0:00:20.
INFO:__main__:  Batch    58  of    241.    Elapsed: 0:00:20.
INFO:__main__:  Batch    59  of    241.    Elapsed: 0:00:20.
INFO:__main__:  Batch    60  of    241.    Elapsed: 0:00:21.
INFO:__main__:  Batch    61  of    241.    Elapsed: 0:00:21.
INFO:__main__:  Batch    62  of    241.    Elapsed: 0:00:21.
INFO:__main__:  Batch    63  of    241.    Elapsed: 0:00:22.
INFO:__main__:  Batch    64  of    241.    Elapsed: 0:00:22.
INFO:__main__:  Batch    65  of    241.    Elapsed: 0:00:22.
INFO:__main__:  Batch    66  of    241.    Elapsed: 0:00:23.
INFO:__main__:  Batch    67  of    241.    Elapsed: 0:00:23.
INFO:__main__:  Batch    68  of    241.    Elapsed: 0:00:23.
INFO:__main__:  Batch    69  of    241.    Elapsed: 0:00:24.
INFO:__main__:  Batch    70  of    241.    Elapsed: 0:00:24.
INFO:__main__:  Batch    71  of    241.    Elapsed: 0:00:24.
INFO:__main__:  Batch    72  of    241.    Elapsed: 0:00:25.
INFO:__main__:  Batch    73  of    241.    Elapsed: 0:00:25.
INFO:__main__:  Batch    74  of    241.    Elapsed: 0:00:25.
INFO:__main__:  Batch    75  of    241.    Elapsed: 0:00:26.
INFO:__main__:  Batch    76  of    241.    Elapsed: 0:00:26.
INFO:__main__:  Batch    77  of    241.    Elapsed: 0:00:26.
INFO:__main__:  Batch    78  of    241.    Elapsed: 0:00:27.
INFO:__main__:  Batch    79  of    241.    Elapsed: 0:00:27.
INFO:__main__:  Batch    80  of    241.    Elapsed: 0:00:27.
INFO:__main__:  Batch    81  of    241.    Elapsed: 0:00:28.
INFO:__main__:  Batch    82  of    241.    Elapsed: 0:00:28.
INFO:__main__:  Batch    83  of    241.    Elapsed: 0:00:28.
INFO:__main__:  Batch    84  of    241.    Elapsed: 0:00:29.
INFO:__main__:  Batch    85  of    241.    Elapsed: 0:00:29.
INFO:__main__:  Batch    86  of    241.    Elapsed: 0:00:29.
INFO:__main__:  Batch    87  of    241.    Elapsed: 0:00:30.
INFO:__main__:  Batch    88  of    241.    Elapsed: 0:00:30.
INFO:__main__:  Batch    89  of    241.    Elapsed: 0:00:30.
INFO:__main__:  Batch    90  of    241.    Elapsed: 0:00:31.
INFO:__main__:  Batch    91  of    241.    Elapsed: 0:00:31.
INFO:__main__:  Batch    92  of    241.    Elapsed: 0:00:31.
INFO:__main__:  Batch    93  of    241.    Elapsed: 0:00:32.
INFO:__main__:  Batch    94  of    241.    Elapsed: 0:00:32.
INFO:__main__:  Batch    95  of    241.    Elapsed: 0:00:33.
INFO:__main__:  Batch    96  of    241.    Elapsed: 0:00:33.
INFO:__main__:  Batch    97  of    241.    Elapsed: 0:00:33.
INFO:__main__:  Batch    98  of    241.    Elapsed: 0:00:34.
INFO:__main__:  Batch    99  of    241.    Elapsed: 0:00:34.
INFO:__main__:  Batch   100  of    241.    Elapsed: 0:00:34.
INFO:__main__:  Batch   101  of    241.    Elapsed: 0:00:35.
INFO:__main__:  Batch   102  of    241.    Elapsed: 0:00:35.
INFO:__main__:  Batch   103  of    241.    Elapsed: 0:00:36.
INFO:__main__:  Batch   104  of    241.    Elapsed: 0:00:36.
INFO:__main__:  Batch   105  of    241.    Elapsed: 0:00:36.
INFO:__main__:  Batch   106  of    241.    Elapsed: 0:00:37.
INFO:__main__:  Batch   107  of    241.    Elapsed: 0:00:37.
INFO:__main__:  Batch   108  of    241.    Elapsed: 0:00:37.
INFO:__main__:  Batch   109  of    241.    Elapsed: 0:00:38.
INFO:__main__:  Batch   110  of    241.    Elapsed: 0:00:38.
INFO:__main__:  Batch   111  of    241.    Elapsed: 0:00:38.
INFO:__main__:  Batch   112  of    241.    Elapsed: 0:00:39.
INFO:__main__:  Batch   113  of    241.    Elapsed: 0:00:39.
INFO:__main__:  Batch   114  of    241.    Elapsed: 0:00:39.
INFO:__main__:  Batch   115  of    241.    Elapsed: 0:00:40.
INFO:__main__:  Batch   116  of    241.    Elapsed: 0:00:40.
INFO:__main__:  Batch   117  of    241.    Elapsed: 0:00:40.
INFO:__main__:  Batch   118  of    241.    Elapsed: 0:00:41.
INFO:__main__:  Batch   119  of    241.    Elapsed: 0:00:41.
INFO:__main__:  Batch   120  of    241.    Elapsed: 0:00:41.
INFO:__main__:  Batch   121  of    241.    Elapsed: 0:00:42.
INFO:__main__:  Batch   122  of    241.    Elapsed: 0:00:42.
INFO:__main__:  Batch   123  of    241.    Elapsed: 0:00:42.
INFO:__main__:  Batch   124  of    241.    Elapsed: 0:00:43.
INFO:__main__:  Batch   125  of    241.    Elapsed: 0:00:43.
INFO:__main__:  Batch   126  of    241.    Elapsed: 0:00:43.
INFO:__main__:  Batch   127  of    241.    Elapsed: 0:00:44.
INFO:__main__:  Batch   128  of    241.    Elapsed: 0:00:44.
INFO:__main__:  Batch   129  of    241.    Elapsed: 0:00:44.
INFO:__main__:  Batch   130  of    241.    Elapsed: 0:00:45.
INFO:__main__:  Batch   131  of    241.    Elapsed: 0:00:45.
INFO:__main__:  Batch   132  of    241.    Elapsed: 0:00:46.
INFO:__main__:  Batch   133  of    241.    Elapsed: 0:00:46.
INFO:__main__:  Batch   134  of    241.    Elapsed: 0:00:46.
INFO:__main__:  Batch   135  of    241.    Elapsed: 0:00:47.
INFO:__main__:  Batch   136  of    241.    Elapsed: 0:00:47.
INFO:__main__:  Batch   137  of    241.    Elapsed: 0:00:48.
INFO:__main__:  Batch   138  of    241.    Elapsed: 0:00:48.
INFO:__main__:  Batch   139  of    241.    Elapsed: 0:00:49.
INFO:__main__:  Batch   140  of    241.    Elapsed: 0:00:49.
INFO:__main__:  Batch   141  of    241.    Elapsed: 0:00:50.
INFO:__main__:  Batch   142  of    241.    Elapsed: 0:00:50.
INFO:__main__:  Batch   143  of    241.    Elapsed: 0:00:50.
INFO:__main__:  Batch   144  of    241.    Elapsed: 0:00:51.
INFO:__main__:  Batch   145  of    241.    Elapsed: 0:00:51.
INFO:__main__:  Batch   146  of    241.    Elapsed: 0:00:51.
INFO:__main__:  Batch   147  of    241.    Elapsed: 0:00:52.
INFO:__main__:  Batch   148  of    241.    Elapsed: 0:00:52.
INFO:__main__:  Batch   149  of    241.    Elapsed: 0:00:52.
INFO:__main__:  Batch   150  of    241.    Elapsed: 0:00:53.
INFO:__main__:  Batch   151  of    241.    Elapsed: 0:00:53.
INFO:__main__:  Batch   152  of    241.    Elapsed: 0:00:53.
INFO:__main__:  Batch   153  of    241.    Elapsed: 0:00:54.
INFO:__main__:  Batch   154  of    241.    Elapsed: 0:00:54.
INFO:__main__:  Batch   155  of    241.    Elapsed: 0:00:54.
INFO:__main__:  Batch   156  of    241.    Elapsed: 0:00:55.
INFO:__main__:  Batch   157  of    241.    Elapsed: 0:00:55.
INFO:__main__:  Batch   158  of    241.    Elapsed: 0:00:55.
INFO:__main__:  Batch   159  of    241.    Elapsed: 0:00:55.
INFO:__main__:  Batch   160  of    241.    Elapsed: 0:00:56.
INFO:__main__:  Batch   161  of    241.    Elapsed: 0:00:56.
INFO:__main__:  Batch   162  of    241.    Elapsed: 0:00:56.
INFO:__main__:  Batch   163  of    241.    Elapsed: 0:00:57.
INFO:__main__:  Batch   164  of    241.    Elapsed: 0:00:57.
INFO:__main__:  Batch   165  of    241.    Elapsed: 0:00:57.
INFO:__main__:  Batch   166  of    241.    Elapsed: 0:00:58.
INFO:__main__:  Batch   167  of    241.    Elapsed: 0:00:58.
INFO:__main__:  Batch   168  of    241.    Elapsed: 0:00:58.
INFO:__main__:  Batch   169  of    241.    Elapsed: 0:00:59.
INFO:__main__:  Batch   170  of    241.    Elapsed: 0:00:59.
INFO:__main__:  Batch   171  of    241.    Elapsed: 0:00:59.
INFO:__main__:  Batch   172  of    241.    Elapsed: 0:01:00.
INFO:__main__:  Batch   173  of    241.    Elapsed: 0:01:00.
INFO:__main__:  Batch   174  of    241.    Elapsed: 0:01:00.
INFO:__main__:  Batch   175  of    241.    Elapsed: 0:01:01.
INFO:__main__:  Batch   176  of    241.    Elapsed: 0:01:01.
INFO:__main__:  Batch   177  of    241.    Elapsed: 0:01:01.
INFO:__main__:  Batch   178  of    241.    Elapsed: 0:01:02.
INFO:__main__:  Batch   179  of    241.    Elapsed: 0:01:02.
INFO:__main__:  Batch   180  of    241.    Elapsed: 0:01:02.
INFO:__main__:  Batch   181  of    241.    Elapsed: 0:01:03.
INFO:__main__:  Batch   182  of    241.    Elapsed: 0:01:03.
INFO:__main__:  Batch   183  of    241.    Elapsed: 0:01:03.
INFO:__main__:  Batch   184  of    241.    Elapsed: 0:01:04.
INFO:__main__:  Batch   185  of    241.    Elapsed: 0:01:04.
INFO:__main__:  Batch   186  of    241.    Elapsed: 0:01:04.
INFO:__main__:  Batch   187  of    241.    Elapsed: 0:01:05.
INFO:__main__:  Batch   188  of    241.    Elapsed: 0:01:05.
INFO:__main__:  Batch   189  of    241.    Elapsed: 0:01:05.
INFO:__main__:  Batch   190  of    241.    Elapsed: 0:01:06.
INFO:__main__:  Batch   191  of    241.    Elapsed: 0:01:06.
INFO:__main__:  Batch   192  of    241.    Elapsed: 0:01:06.
INFO:__main__:  Batch   193  of    241.    Elapsed: 0:01:07.
INFO:__main__:  Batch   194  of    241.    Elapsed: 0:01:07.
INFO:__main__:  Batch   195  of    241.    Elapsed: 0:01:07.
INFO:__main__:  Batch   196  of    241.    Elapsed: 0:01:08.
INFO:__main__:  Batch   197  of    241.    Elapsed: 0:01:08.
INFO:__main__:  Batch   198  of    241.    Elapsed: 0:01:08.
INFO:__main__:  Batch   199  of    241.    Elapsed: 0:01:09.
INFO:__main__:  Batch   200  of    241.    Elapsed: 0:01:09.
INFO:__main__:  Batch   201  of    241.    Elapsed: 0:01:09.
INFO:__main__:  Batch   202  of    241.    Elapsed: 0:01:10.
INFO:__main__:  Batch   203  of    241.    Elapsed: 0:01:10.
INFO:__main__:  Batch   204  of    241.    Elapsed: 0:01:10.
INFO:__main__:  Batch   205  of    241.    Elapsed: 0:01:11.
INFO:__main__:  Batch   206  of    241.    Elapsed: 0:01:11.
INFO:__main__:  Batch   207  of    241.    Elapsed: 0:01:11.
INFO:__main__:  Batch   208  of    241.    Elapsed: 0:01:12.
INFO:__main__:  Batch   209  of    241.    Elapsed: 0:01:12.
INFO:__main__:  Batch   210  of    241.    Elapsed: 0:01:12.
INFO:__main__:  Batch   211  of    241.    Elapsed: 0:01:13.
INFO:__main__:  Batch   212  of    241.    Elapsed: 0:01:13.
INFO:__main__:  Batch   213  of    241.    Elapsed: 0:01:13.
INFO:__main__:  Batch   214  of    241.    Elapsed: 0:01:14.
INFO:__main__:  Batch   215  of    241.    Elapsed: 0:01:14.
INFO:__main__:  Batch   216  of    241.    Elapsed: 0:01:14.
INFO:__main__:  Batch   217  of    241.    Elapsed: 0:01:15.
INFO:__main__:  Batch   218  of    241.    Elapsed: 0:01:15.
INFO:__main__:  Batch   219  of    241.    Elapsed: 0:01:15.
INFO:__main__:  Batch   220  of    241.    Elapsed: 0:01:16.
INFO:__main__:  Batch   221  of    241.    Elapsed: 0:01:16.
INFO:__main__:  Batch   222  of    241.    Elapsed: 0:01:16.
INFO:__main__:  Batch   223  of    241.    Elapsed: 0:01:16.
INFO:__main__:  Batch   224  of    241.    Elapsed: 0:01:17.
INFO:__main__:  Batch   225  of    241.    Elapsed: 0:01:17.
INFO:__main__:  Batch   226  of    241.    Elapsed: 0:01:17.
INFO:__main__:  Batch   227  of    241.    Elapsed: 0:01:18.
INFO:__main__:  Batch   228  of    241.    Elapsed: 0:01:18.
INFO:__main__:  Batch   229  of    241.    Elapsed: 0:01:18.
INFO:__main__:  Batch   230  of    241.    Elapsed: 0:01:19.
INFO:__main__:  Batch   231  of    241.    Elapsed: 0:01:19.
INFO:__main__:  Batch   232  of    241.    Elapsed: 0:01:19.
INFO:__main__:  Batch   233  of    241.    Elapsed: 0:01:20.
INFO:__main__:  Batch   234  of    241.    Elapsed: 0:01:20.
INFO:__main__:  Batch   235  of    241.    Elapsed: 0:01:20.
INFO:__main__:  Batch   236  of    241.    Elapsed: 0:01:21.
INFO:__main__:  Batch   237  of    241.    Elapsed: 0:01:21.
INFO:__main__:  Batch   238  of    241.    Elapsed: 0:01:21.
INFO:__main__:  Batch   239  of    241.    Elapsed: 0:01:22.
INFO:__main__:  Batch   240  of    241.    Elapsed: 0:01:22.
INFO:__main__:
INFO:__main__:  Average training loss: 0.31
INFO:__main__:  Training epcoh took: 0:01:22
INFO:__main__:
INFO:__main__:Running Validation...
INFO:__main__:  Accuracy: 0.82
INFO:__main__:  Validation Loss: 0.48
INFO:__main__:  Validation took: 0:00:03
INFO:__main__:
INFO:__main__:======== Epoch 3 / 5 ========
INFO:__main__:Training...
INFO:__main__:  Batch     0  of    241.    Elapsed: 0:00:00.
INFO:__main__:  Batch     1  of    241.    Elapsed: 0:00:00.
INFO:__main__:  Batch     2  of    241.    Elapsed: 0:00:01.
INFO:__main__:  Batch     3  of    241.    Elapsed: 0:00:01.
INFO:__main__:  Batch     4  of    241.    Elapsed: 0:00:01.
INFO:__main__:  Batch     5  of    241.    Elapsed: 0:00:02.
INFO:__main__:  Batch     6  of    241.    Elapsed: 0:00:02.
INFO:__main__:  Batch     7  of    241.    Elapsed: 0:00:02.
INFO:__main__:  Batch     8  of    241.    Elapsed: 0:00:03.
INFO:__main__:  Batch     9  of    241.    Elapsed: 0:00:03.
INFO:__main__:  Batch    10  of    241.    Elapsed: 0:00:03.
INFO:__main__:  Batch    11  of    241.    Elapsed: 0:00:04.
INFO:__main__:  Batch    12  of    241.    Elapsed: 0:00:04.
INFO:__main__:  Batch    13  of    241.    Elapsed: 0:00:04.
INFO:__main__:  Batch    14  of    241.    Elapsed: 0:00:05.
INFO:__main__:  Batch    15  of    241.    Elapsed: 0:00:05.
INFO:__main__:  Batch    16  of    241.    Elapsed: 0:00:05.
INFO:__main__:  Batch    17  of    241.    Elapsed: 0:00:06.
INFO:__main__:  Batch    18  of    241.    Elapsed: 0:00:06.
INFO:__main__:  Batch    19  of    241.    Elapsed: 0:00:06.
INFO:__main__:  Batch    20  of    241.    Elapsed: 0:00:07.
INFO:__main__:  Batch    21  of    241.    Elapsed: 0:00:07.
INFO:__main__:  Batch    22  of    241.    Elapsed: 0:00:07.
INFO:__main__:  Batch    23  of    241.    Elapsed: 0:00:08.
INFO:__main__:  Batch    24  of    241.    Elapsed: 0:00:08.
INFO:__main__:  Batch    25  of    241.    Elapsed: 0:00:08.
INFO:__main__:  Batch    26  of    241.    Elapsed: 0:00:09.
INFO:__main__:  Batch    27  of    241.    Elapsed: 0:00:09.
INFO:__main__:  Batch    28  of    241.    Elapsed: 0:00:09.
INFO:__main__:  Batch    29  of    241.    Elapsed: 0:00:10.
INFO:__main__:  Batch    30  of    241.    Elapsed: 0:00:10.
INFO:__main__:  Batch    31  of    241.    Elapsed: 0:00:10.
INFO:__main__:  Batch    32  of    241.    Elapsed: 0:00:11.
INFO:__main__:  Batch    33  of    241.    Elapsed: 0:00:11.
INFO:__main__:  Batch    34  of    241.    Elapsed: 0:00:11.
INFO:__main__:  Batch    35  of    241.    Elapsed: 0:00:12.
INFO:__main__:  Batch    36  of    241.    Elapsed: 0:00:12.
INFO:__main__:  Batch    37  of    241.    Elapsed: 0:00:12.
INFO:__main__:  Batch    38  of    241.    Elapsed: 0:00:13.
INFO:__main__:  Batch    39  of    241.    Elapsed: 0:00:13.
INFO:__main__:  Batch    40  of    241.    Elapsed: 0:00:13.
INFO:__main__:  Batch    41  of    241.    Elapsed: 0:00:14.
INFO:__main__:  Batch    42  of    241.    Elapsed: 0:00:14.
INFO:__main__:  Batch    43  of    241.    Elapsed: 0:00:14.
INFO:__main__:  Batch    44  of    241.    Elapsed: 0:00:15.
INFO:__main__:  Batch    45  of    241.    Elapsed: 0:00:15.
INFO:__main__:  Batch    46  of    241.    Elapsed: 0:00:15.
INFO:__main__:  Batch    47  of    241.    Elapsed: 0:00:16.
INFO:__main__:  Batch    48  of    241.    Elapsed: 0:00:16.
INFO:__main__:  Batch    49  of    241.    Elapsed: 0:00:16.
INFO:__main__:  Batch    50  of    241.    Elapsed: 0:00:17.
INFO:__main__:  Batch    51  of    241.    Elapsed: 0:00:17.
INFO:__main__:  Batch    52  of    241.    Elapsed: 0:00:17.
INFO:__main__:  Batch    53  of    241.    Elapsed: 0:00:18.
INFO:__main__:  Batch    54  of    241.    Elapsed: 0:00:18.
INFO:__main__:  Batch    55  of    241.    Elapsed: 0:00:18.
INFO:__main__:  Batch    56  of    241.    Elapsed: 0:00:19.
INFO:__main__:  Batch    57  of    241.    Elapsed: 0:00:19.
INFO:__main__:  Batch    58  of    241.    Elapsed: 0:00:19.
INFO:__main__:  Batch    59  of    241.    Elapsed: 0:00:20.
INFO:__main__:  Batch    60  of    241.    Elapsed: 0:00:20.
INFO:__main__:  Batch    61  of    241.    Elapsed: 0:00:20.
INFO:__main__:  Batch    62  of    241.    Elapsed: 0:00:21.
INFO:__main__:  Batch    63  of    241.    Elapsed: 0:00:21.
INFO:__main__:  Batch    64  of    241.    Elapsed: 0:00:21.
INFO:__main__:  Batch    65  of    241.    Elapsed: 0:00:22.
INFO:__main__:  Batch    66  of    241.    Elapsed: 0:00:22.
INFO:__main__:  Batch    67  of    241.    Elapsed: 0:00:22.
INFO:__main__:  Batch    68  of    241.    Elapsed: 0:00:23.
INFO:__main__:  Batch    69  of    241.    Elapsed: 0:00:23.
INFO:__main__:  Batch    70  of    241.    Elapsed: 0:00:23.
INFO:__main__:  Batch    71  of    241.    Elapsed: 0:00:24.
INFO:__main__:  Batch    72  of    241.    Elapsed: 0:00:24.
INFO:__main__:  Batch    73  of    241.    Elapsed: 0:00:24.
INFO:__main__:  Batch    74  of    241.    Elapsed: 0:00:25.
INFO:__main__:  Batch    75  of    241.    Elapsed: 0:00:25.
INFO:__main__:  Batch    76  of    241.    Elapsed: 0:00:25.
INFO:__main__:  Batch    77  of    241.    Elapsed: 0:00:26.
INFO:__main__:  Batch    78  of    241.    Elapsed: 0:00:26.
INFO:__main__:  Batch    79  of    241.    Elapsed: 0:00:26.
INFO:__main__:  Batch    80  of    241.    Elapsed: 0:00:27.
INFO:__main__:  Batch    81  of    241.    Elapsed: 0:00:27.
INFO:__main__:  Batch    82  of    241.    Elapsed: 0:00:27.
INFO:__main__:  Batch    83  of    241.    Elapsed: 0:00:28.
INFO:__main__:  Batch    84  of    241.    Elapsed: 0:00:28.
INFO:__main__:  Batch    85  of    241.    Elapsed: 0:00:28.
INFO:__main__:  Batch    86  of    241.    Elapsed: 0:00:29.
INFO:__main__:  Batch    87  of    241.    Elapsed: 0:00:29.
INFO:__main__:  Batch    88  of    241.    Elapsed: 0:00:29.
INFO:__main__:  Batch    89  of    241.    Elapsed: 0:00:30.
INFO:__main__:  Batch    90  of    241.    Elapsed: 0:00:30.
INFO:__main__:  Batch    91  of    241.    Elapsed: 0:00:30.
INFO:__main__:  Batch    92  of    241.    Elapsed: 0:00:31.
INFO:__main__:  Batch    93  of    241.    Elapsed: 0:00:31.
INFO:__main__:  Batch    94  of    241.    Elapsed: 0:00:31.
INFO:__main__:  Batch    95  of    241.    Elapsed: 0:00:32.
INFO:__main__:  Batch    96  of    241.    Elapsed: 0:00:32.
INFO:__main__:  Batch    97  of    241.    Elapsed: 0:00:32.
INFO:__main__:  Batch    98  of    241.    Elapsed: 0:00:33.
INFO:__main__:  Batch    99  of    241.    Elapsed: 0:00:33.
INFO:__main__:  Batch   100  of    241.    Elapsed: 0:00:33.
INFO:__main__:  Batch   101  of    241.    Elapsed: 0:00:34.
INFO:__main__:  Batch   102  of    241.    Elapsed: 0:00:34.
INFO:__main__:  Batch   103  of    241.    Elapsed: 0:00:34.
INFO:__main__:  Batch   104  of    241.    Elapsed: 0:00:35.
INFO:__main__:  Batch   105  of    241.    Elapsed: 0:00:35.
INFO:__main__:  Batch   106  of    241.    Elapsed: 0:00:35.
INFO:__main__:  Batch   107  of    241.    Elapsed: 0:00:36.
INFO:__main__:  Batch   108  of    241.    Elapsed: 0:00:36.
INFO:__main__:  Batch   109  of    241.    Elapsed: 0:00:36.
INFO:__main__:  Batch   110  of    241.    Elapsed: 0:00:37.
INFO:__main__:  Batch   111  of    241.    Elapsed: 0:00:37.
INFO:__main__:  Batch   112  of    241.    Elapsed: 0:00:37.
INFO:__main__:  Batch   113  of    241.    Elapsed: 0:00:38.
INFO:__main__:  Batch   114  of    241.    Elapsed: 0:00:38.
INFO:__main__:  Batch   115  of    241.    Elapsed: 0:00:38.
INFO:__main__:  Batch   116  of    241.    Elapsed: 0:00:39.
INFO:__main__:  Batch   117  of    241.    Elapsed: 0:00:39.
INFO:__main__:  Batch   118  of    241.    Elapsed: 0:00:39.
INFO:__main__:  Batch   119  of    241.    Elapsed: 0:00:40.
INFO:__main__:  Batch   120  of    241.    Elapsed: 0:00:40.
INFO:__main__:  Batch   121  of    241.    Elapsed: 0:00:40.
INFO:__main__:  Batch   122  of    241.    Elapsed: 0:00:41.
INFO:__main__:  Batch   123  of    241.    Elapsed: 0:00:41.
INFO:__main__:  Batch   124  of    241.    Elapsed: 0:00:41.
INFO:__main__:  Batch   125  of    241.    Elapsed: 0:00:42.
INFO:__main__:  Batch   126  of    241.    Elapsed: 0:00:42.
INFO:__main__:  Batch   127  of    241.    Elapsed: 0:00:42.
INFO:__main__:  Batch   128  of    241.    Elapsed: 0:00:43.
INFO:__main__:  Batch   129  of    241.    Elapsed: 0:00:43.
INFO:__main__:  Batch   130  of    241.    Elapsed: 0:00:43.
INFO:__main__:  Batch   131  of    241.    Elapsed: 0:00:44.
INFO:__main__:  Batch   132  of    241.    Elapsed: 0:00:44.
INFO:__main__:  Batch   133  of    241.    Elapsed: 0:00:44.
INFO:__main__:  Batch   134  of    241.    Elapsed: 0:00:45.
INFO:__main__:  Batch   135  of    241.    Elapsed: 0:00:45.
INFO:__main__:  Batch   136  of    241.    Elapsed: 0:00:45.
INFO:__main__:  Batch   137  of    241.    Elapsed: 0:00:45.
INFO:__main__:  Batch   138  of    241.    Elapsed: 0:00:46.
INFO:__main__:  Batch   139  of    241.    Elapsed: 0:00:46.
INFO:__main__:  Batch   140  of    241.    Elapsed: 0:00:46.
INFO:__main__:  Batch   141  of    241.    Elapsed: 0:00:47.
INFO:__main__:  Batch   142  of    241.    Elapsed: 0:00:47.
INFO:__main__:  Batch   143  of    241.    Elapsed: 0:00:47.
INFO:__main__:  Batch   144  of    241.    Elapsed: 0:00:48.
INFO:__main__:  Batch   145  of    241.    Elapsed: 0:00:48.
INFO:__main__:  Batch   146  of    241.    Elapsed: 0:00:48.
INFO:__main__:  Batch   147  of    241.    Elapsed: 0:00:49.
INFO:__main__:  Batch   148  of    241.    Elapsed: 0:00:49.
INFO:__main__:  Batch   149  of    241.    Elapsed: 0:00:49.
INFO:__main__:  Batch   150  of    241.    Elapsed: 0:00:50.
INFO:__main__:  Batch   151  of    241.    Elapsed: 0:00:50.
INFO:__main__:  Batch   152  of    241.    Elapsed: 0:00:50.
INFO:__main__:  Batch   153  of    241.    Elapsed: 0:00:51.
INFO:__main__:  Batch   154  of    241.    Elapsed: 0:00:51.
INFO:__main__:  Batch   155  of    241.    Elapsed: 0:00:51.
INFO:__main__:  Batch   156  of    241.    Elapsed: 0:00:52.
INFO:__main__:  Batch   157  of    241.    Elapsed: 0:00:52.
INFO:__main__:  Batch   158  of    241.    Elapsed: 0:00:52.
INFO:__main__:  Batch   159  of    241.    Elapsed: 0:00:53.
INFO:__main__:  Batch   160  of    241.    Elapsed: 0:00:53.
INFO:__main__:  Batch   161  of    241.    Elapsed: 0:00:53.
INFO:__main__:  Batch   162  of    241.    Elapsed: 0:00:54.
INFO:__main__:  Batch   163  of    241.    Elapsed: 0:00:54.
INFO:__main__:  Batch   164  of    241.    Elapsed: 0:00:54.
INFO:__main__:  Batch   165  of    241.    Elapsed: 0:00:55.
INFO:__main__:  Batch   166  of    241.    Elapsed: 0:00:55.
INFO:__main__:  Batch   167  of    241.    Elapsed: 0:00:55.
INFO:__main__:  Batch   168  of    241.    Elapsed: 0:00:56.
INFO:__main__:  Batch   169  of    241.    Elapsed: 0:00:56.
INFO:__main__:  Batch   170  of    241.    Elapsed: 0:00:56.
INFO:__main__:  Batch   171  of    241.    Elapsed: 0:00:57.
INFO:__main__:  Batch   172  of    241.    Elapsed: 0:00:57.
INFO:__main__:  Batch   173  of    241.    Elapsed: 0:00:57.
INFO:__main__:  Batch   174  of    241.    Elapsed: 0:00:58.
INFO:__main__:  Batch   175  of    241.    Elapsed: 0:00:58.
INFO:__main__:  Batch   176  of    241.    Elapsed: 0:00:58.
INFO:__main__:  Batch   177  of    241.    Elapsed: 0:00:59.
INFO:__main__:  Batch   178  of    241.    Elapsed: 0:00:59.
INFO:__main__:  Batch   179  of    241.    Elapsed: 0:00:59.
INFO:__main__:  Batch   180  of    241.    Elapsed: 0:01:00.
INFO:__main__:  Batch   181  of    241.    Elapsed: 0:01:00.
INFO:__main__:  Batch   182  of    241.    Elapsed: 0:01:00.
INFO:__main__:  Batch   183  of    241.    Elapsed: 0:01:01.
INFO:__main__:  Batch   184  of    241.    Elapsed: 0:01:01.
INFO:__main__:  Batch   185  of    241.    Elapsed: 0:01:01.
INFO:__main__:  Batch   186  of    241.    Elapsed: 0:01:02.
INFO:__main__:  Batch   187  of    241.    Elapsed: 0:01:02.
INFO:__main__:  Batch   188  of    241.    Elapsed: 0:01:02.
INFO:__main__:  Batch   189  of    241.    Elapsed: 0:01:03.
INFO:__main__:  Batch   190  of    241.    Elapsed: 0:01:03.
INFO:__main__:  Batch   191  of    241.    Elapsed: 0:01:03.
INFO:__main__:  Batch   192  of    241.    Elapsed: 0:01:04.
INFO:__main__:  Batch   193  of    241.    Elapsed: 0:01:04.
INFO:__main__:  Batch   194  of    241.    Elapsed: 0:01:04.
INFO:__main__:  Batch   195  of    241.    Elapsed: 0:01:05.
INFO:__main__:  Batch   196  of    241.    Elapsed: 0:01:05.
INFO:__main__:  Batch   197  of    241.    Elapsed: 0:01:05.
INFO:__main__:  Batch   198  of    241.    Elapsed: 0:01:06.
INFO:__main__:  Batch   199  of    241.    Elapsed: 0:01:06.
INFO:__main__:  Batch   200  of    241.    Elapsed: 0:01:06.
INFO:__main__:  Batch   201  of    241.    Elapsed: 0:01:07.
INFO:__main__:  Batch   202  of    241.    Elapsed: 0:01:07.
INFO:__main__:  Batch   203  of    241.    Elapsed: 0:01:07.
INFO:__main__:  Batch   204  of    241.    Elapsed: 0:01:08.
INFO:__main__:  Batch   205  of    241.    Elapsed: 0:01:08.
INFO:__main__:  Batch   206  of    241.    Elapsed: 0:01:08.
INFO:__main__:  Batch   207  of    241.    Elapsed: 0:01:09.
INFO:__main__:  Batch   208  of    241.    Elapsed: 0:01:09.
INFO:__main__:  Batch   209  of    241.    Elapsed: 0:01:09.
INFO:__main__:  Batch   210  of    241.    Elapsed: 0:01:10.
INFO:__main__:  Batch   211  of    241.    Elapsed: 0:01:10.
INFO:__main__:  Batch   212  of    241.    Elapsed: 0:01:10.
INFO:__main__:  Batch   213  of    241.    Elapsed: 0:01:11.
INFO:__main__:  Batch   214  of    241.    Elapsed: 0:01:11.
INFO:__main__:  Batch   215  of    241.    Elapsed: 0:01:11.
INFO:__main__:  Batch   216  of    241.    Elapsed: 0:01:12.
INFO:__main__:  Batch   217  of    241.    Elapsed: 0:01:12.
INFO:__main__:  Batch   218  of    241.    Elapsed: 0:01:12.
INFO:__main__:  Batch   219  of    241.    Elapsed: 0:01:13.
INFO:__main__:  Batch   220  of    241.    Elapsed: 0:01:13.
INFO:__main__:  Batch   221  of    241.    Elapsed: 0:01:13.
INFO:__main__:  Batch   222  of    241.    Elapsed: 0:01:14.
INFO:__main__:  Batch   223  of    241.    Elapsed: 0:01:14.
INFO:__main__:  Batch   224  of    241.    Elapsed: 0:01:14.
INFO:__main__:  Batch   225  of    241.    Elapsed: 0:01:15.
INFO:__main__:  Batch   226  of    241.    Elapsed: 0:01:15.
INFO:__main__:  Batch   227  of    241.    Elapsed: 0:01:15.
INFO:__main__:  Batch   228  of    241.    Elapsed: 0:01:16.
INFO:__main__:  Batch   229  of    241.    Elapsed: 0:01:16.
INFO:__main__:  Batch   230  of    241.    Elapsed: 0:01:16.
INFO:__main__:  Batch   231  of    241.    Elapsed: 0:01:16.
INFO:__main__:  Batch   232  of    241.    Elapsed: 0:01:17.
INFO:__main__:  Batch   233  of    241.    Elapsed: 0:01:17.
INFO:__main__:  Batch   234  of    241.    Elapsed: 0:01:17.
INFO:__main__:  Batch   235  of    241.    Elapsed: 0:01:18.
INFO:__main__:  Batch   236  of    241.    Elapsed: 0:01:18.
INFO:__main__:  Batch   237  of    241.    Elapsed: 0:01:18.
INFO:__main__:  Batch   238  of    241.    Elapsed: 0:01:19.
INFO:__main__:  Batch   239  of    241.    Elapsed: 0:01:19.
INFO:__main__:  Batch   240  of    241.    Elapsed: 0:01:19.
INFO:__main__:
INFO:__main__:  Average training loss: 0.19
INFO:__main__:  Training epcoh took: 0:01:20
INFO:__main__:
INFO:__main__:Running Validation...
INFO:__main__:  Accuracy: 0.82
INFO:__main__:  Validation Loss: 0.50
INFO:__main__:  Validation took: 0:00:03
INFO:__main__:
INFO:__main__:======== Epoch 4 / 5 ========
INFO:__main__:Training...
INFO:__main__:  Batch     0  of    241.    Elapsed: 0:00:00.
INFO:__main__:  Batch     1  of    241.    Elapsed: 0:00:00.
INFO:__main__:  Batch     2  of    241.    Elapsed: 0:00:01.
INFO:__main__:  Batch     3  of    241.    Elapsed: 0:00:01.
INFO:__main__:  Batch     4  of    241.    Elapsed: 0:00:01.
INFO:__main__:  Batch     5  of    241.    Elapsed: 0:00:02.
INFO:__main__:  Batch     6  of    241.    Elapsed: 0:00:02.
INFO:__main__:  Batch     7  of    241.    Elapsed: 0:00:02.
INFO:__main__:  Batch     8  of    241.    Elapsed: 0:00:03.
INFO:__main__:  Batch     9  of    241.    Elapsed: 0:00:03.
INFO:__main__:  Batch    10  of    241.    Elapsed: 0:00:03.
INFO:__main__:  Batch    11  of    241.    Elapsed: 0:00:04.
INFO:__main__:  Batch    12  of    241.    Elapsed: 0:00:04.
INFO:__main__:  Batch    13  of    241.    Elapsed: 0:00:04.
INFO:__main__:  Batch    14  of    241.    Elapsed: 0:00:05.
INFO:__main__:  Batch    15  of    241.    Elapsed: 0:00:05.
INFO:__main__:  Batch    16  of    241.    Elapsed: 0:00:05.
INFO:__main__:  Batch    17  of    241.    Elapsed: 0:00:06.
INFO:__main__:  Batch    18  of    241.    Elapsed: 0:00:06.
INFO:__main__:  Batch    19  of    241.    Elapsed: 0:00:06.
INFO:__main__:  Batch    20  of    241.    Elapsed: 0:00:07.
INFO:__main__:  Batch    21  of    241.    Elapsed: 0:00:07.
INFO:__main__:  Batch    22  of    241.    Elapsed: 0:00:07.
INFO:__main__:  Batch    23  of    241.    Elapsed: 0:00:08.
INFO:__main__:  Batch    24  of    241.    Elapsed: 0:00:08.
INFO:__main__:  Batch    25  of    241.    Elapsed: 0:00:08.
INFO:__main__:  Batch    26  of    241.    Elapsed: 0:00:09.
INFO:__main__:  Batch    27  of    241.    Elapsed: 0:00:09.
INFO:__main__:  Batch    28  of    241.    Elapsed: 0:00:09.
INFO:__main__:  Batch    29  of    241.    Elapsed: 0:00:10.
INFO:__main__:  Batch    30  of    241.    Elapsed: 0:00:10.
INFO:__main__:  Batch    31  of    241.    Elapsed: 0:00:10.
INFO:__main__:  Batch    32  of    241.    Elapsed: 0:00:11.
INFO:__main__:  Batch    33  of    241.    Elapsed: 0:00:11.
INFO:__main__:  Batch    34  of    241.    Elapsed: 0:00:11.
INFO:__main__:  Batch    35  of    241.    Elapsed: 0:00:12.
INFO:__main__:  Batch    36  of    241.    Elapsed: 0:00:12.
INFO:__main__:  Batch    37  of    241.    Elapsed: 0:00:12.
INFO:__main__:  Batch    38  of    241.    Elapsed: 0:00:13.
INFO:__main__:  Batch    39  of    241.    Elapsed: 0:00:13.
INFO:__main__:  Batch    40  of    241.    Elapsed: 0:00:13.
INFO:__main__:  Batch    41  of    241.    Elapsed: 0:00:14.
INFO:__main__:  Batch    42  of    241.    Elapsed: 0:00:14.
INFO:__main__:  Batch    43  of    241.    Elapsed: 0:00:14.
INFO:__main__:  Batch    44  of    241.    Elapsed: 0:00:15.
INFO:__main__:  Batch    45  of    241.    Elapsed: 0:00:15.
INFO:__main__:  Batch    46  of    241.    Elapsed: 0:00:15.
INFO:__main__:  Batch    47  of    241.    Elapsed: 0:00:16.
INFO:__main__:  Batch    48  of    241.    Elapsed: 0:00:16.
INFO:__main__:  Batch    49  of    241.    Elapsed: 0:00:16.
INFO:__main__:  Batch    50  of    241.    Elapsed: 0:00:17.
INFO:__main__:  Batch    51  of    241.    Elapsed: 0:00:17.
INFO:__main__:  Batch    52  of    241.    Elapsed: 0:00:17.
INFO:__main__:  Batch    53  of    241.    Elapsed: 0:00:18.
INFO:__main__:  Batch    54  of    241.    Elapsed: 0:00:18.
INFO:__main__:  Batch    55  of    241.    Elapsed: 0:00:18.
INFO:__main__:  Batch    56  of    241.    Elapsed: 0:00:19.
INFO:__main__:  Batch    57  of    241.    Elapsed: 0:00:19.
INFO:__main__:  Batch    58  of    241.    Elapsed: 0:00:19.
INFO:__main__:  Batch    59  of    241.    Elapsed: 0:00:20.
INFO:__main__:  Batch    60  of    241.    Elapsed: 0:00:20.
INFO:__main__:  Batch    61  of    241.    Elapsed: 0:00:20.
INFO:__main__:  Batch    62  of    241.    Elapsed: 0:00:21.
INFO:__main__:  Batch    63  of    241.    Elapsed: 0:00:21.
INFO:__main__:  Batch    64  of    241.    Elapsed: 0:00:21.
INFO:__main__:  Batch    65  of    241.    Elapsed: 0:00:22.
INFO:__main__:  Batch    66  of    241.    Elapsed: 0:00:22.
INFO:__main__:  Batch    67  of    241.    Elapsed: 0:00:22.
INFO:__main__:  Batch    68  of    241.    Elapsed: 0:00:23.
INFO:__main__:  Batch    69  of    241.    Elapsed: 0:00:23.
INFO:__main__:  Batch    70  of    241.    Elapsed: 0:00:23.
INFO:__main__:  Batch    71  of    241.    Elapsed: 0:00:24.
INFO:__main__:  Batch    72  of    241.    Elapsed: 0:00:24.
INFO:__main__:  Batch    73  of    241.    Elapsed: 0:00:24.
INFO:__main__:  Batch    74  of    241.    Elapsed: 0:00:25.
INFO:__main__:  Batch    75  of    241.    Elapsed: 0:00:25.
INFO:__main__:  Batch    76  of    241.    Elapsed: 0:00:25.
INFO:__main__:  Batch    77  of    241.    Elapsed: 0:00:26.
INFO:__main__:  Batch    78  of    241.    Elapsed: 0:00:26.
INFO:__main__:  Batch    79  of    241.    Elapsed: 0:00:26.
INFO:__main__:  Batch    80  of    241.    Elapsed: 0:00:27.
INFO:__main__:  Batch    81  of    241.    Elapsed: 0:00:27.
INFO:__main__:  Batch    82  of    241.    Elapsed: 0:00:27.
INFO:__main__:  Batch    83  of    241.    Elapsed: 0:00:28.
INFO:__main__:  Batch    84  of    241.    Elapsed: 0:00:28.
INFO:__main__:  Batch    85  of    241.    Elapsed: 0:00:28.
INFO:__main__:  Batch    86  of    241.    Elapsed: 0:00:29.
INFO:__main__:  Batch    87  of    241.    Elapsed: 0:00:29.
INFO:__main__:  Batch    88  of    241.    Elapsed: 0:00:29.
INFO:__main__:  Batch    89  of    241.    Elapsed: 0:00:30.
INFO:__main__:  Batch    90  of    241.    Elapsed: 0:00:30.
INFO:__main__:  Batch    91  of    241.    Elapsed: 0:00:30.
INFO:__main__:  Batch    92  of    241.    Elapsed: 0:00:31.
INFO:__main__:  Batch    93  of    241.    Elapsed: 0:00:31.
INFO:__main__:  Batch    94  of    241.    Elapsed: 0:00:31.
INFO:__main__:  Batch    95  of    241.    Elapsed: 0:00:32.
INFO:__main__:  Batch    96  of    241.    Elapsed: 0:00:32.
INFO:__main__:  Batch    97  of    241.    Elapsed: 0:00:32.
INFO:__main__:  Batch    98  of    241.    Elapsed: 0:00:33.
INFO:__main__:  Batch    99  of    241.    Elapsed: 0:00:33.
INFO:__main__:  Batch   100  of    241.    Elapsed: 0:00:33.
INFO:__main__:  Batch   101  of    241.    Elapsed: 0:00:34.
INFO:__main__:  Batch   102  of    241.    Elapsed: 0:00:34.
INFO:__main__:  Batch   103  of    241.    Elapsed: 0:00:34.
INFO:__main__:  Batch   104  of    241.    Elapsed: 0:00:35.
INFO:__main__:  Batch   105  of    241.    Elapsed: 0:00:35.
INFO:__main__:  Batch   106  of    241.    Elapsed: 0:00:35.
INFO:__main__:  Batch   107  of    241.    Elapsed: 0:00:36.
INFO:__main__:  Batch   108  of    241.    Elapsed: 0:00:36.
INFO:__main__:  Batch   109  of    241.    Elapsed: 0:00:36.
INFO:__main__:  Batch   110  of    241.    Elapsed: 0:00:37.
INFO:__main__:  Batch   111  of    241.    Elapsed: 0:00:37.
INFO:__main__:  Batch   112  of    241.    Elapsed: 0:00:37.
INFO:__main__:  Batch   113  of    241.    Elapsed: 0:00:38.
INFO:__main__:  Batch   114  of    241.    Elapsed: 0:00:38.
INFO:__main__:  Batch   115  of    241.    Elapsed: 0:00:38.
INFO:__main__:  Batch   116  of    241.    Elapsed: 0:00:39.
INFO:__main__:  Batch   117  of    241.    Elapsed: 0:00:39.
INFO:__main__:  Batch   118  of    241.    Elapsed: 0:00:39.
INFO:__main__:  Batch   119  of    241.    Elapsed: 0:00:40.
INFO:__main__:  Batch   120  of    241.    Elapsed: 0:00:40.
INFO:__main__:  Batch   121  of    241.    Elapsed: 0:00:40.
INFO:__main__:  Batch   122  of    241.    Elapsed: 0:00:41.
INFO:__main__:  Batch   123  of    241.    Elapsed: 0:00:41.
INFO:__main__:  Batch   124  of    241.    Elapsed: 0:00:41.
INFO:__main__:  Batch   125  of    241.    Elapsed: 0:00:42.
INFO:__main__:  Batch   126  of    241.    Elapsed: 0:00:42.
INFO:__main__:  Batch   127  of    241.    Elapsed: 0:00:42.
INFO:__main__:  Batch   128  of    241.    Elapsed: 0:00:43.
INFO:__main__:  Batch   129  of    241.    Elapsed: 0:00:43.
INFO:__main__:  Batch   130  of    241.    Elapsed: 0:00:43.
INFO:__main__:  Batch   131  of    241.    Elapsed: 0:00:44.
INFO:__main__:  Batch   132  of    241.    Elapsed: 0:00:44.
INFO:__main__:  Batch   133  of    241.    Elapsed: 0:00:44.
INFO:__main__:  Batch   134  of    241.    Elapsed: 0:00:45.
INFO:__main__:  Batch   135  of    241.    Elapsed: 0:00:45.
INFO:__main__:  Batch   136  of    241.    Elapsed: 0:00:45.
INFO:__main__:  Batch   137  of    241.    Elapsed: 0:00:46.
INFO:__main__:  Batch   138  of    241.    Elapsed: 0:00:46.
INFO:__main__:  Batch   139  of    241.    Elapsed: 0:00:46.
INFO:__main__:  Batch   140  of    241.    Elapsed: 0:00:47.
INFO:__main__:  Batch   141  of    241.    Elapsed: 0:00:47.
INFO:__main__:  Batch   142  of    241.    Elapsed: 0:00:47.
INFO:__main__:  Batch   143  of    241.    Elapsed: 0:00:48.
INFO:__main__:  Batch   144  of    241.    Elapsed: 0:00:48.
INFO:__main__:  Batch   145  of    241.    Elapsed: 0:00:48.
INFO:__main__:  Batch   146  of    241.    Elapsed: 0:00:49.
INFO:__main__:  Batch   147  of    241.    Elapsed: 0:00:49.
INFO:__main__:  Batch   148  of    241.    Elapsed: 0:00:49.
INFO:__main__:  Batch   149  of    241.    Elapsed: 0:00:50.
INFO:__main__:  Batch   150  of    241.    Elapsed: 0:00:50.
INFO:__main__:  Batch   151  of    241.    Elapsed: 0:00:50.
INFO:__main__:  Batch   152  of    241.    Elapsed: 0:00:51.
INFO:__main__:  Batch   153  of    241.    Elapsed: 0:00:51.
INFO:__main__:  Batch   154  of    241.    Elapsed: 0:00:51.
INFO:__main__:  Batch   155  of    241.    Elapsed: 0:00:52.
INFO:__main__:  Batch   156  of    241.    Elapsed: 0:00:52.
INFO:__main__:  Batch   157  of    241.    Elapsed: 0:00:52.
INFO:__main__:  Batch   158  of    241.    Elapsed: 0:00:53.
INFO:__main__:  Batch   159  of    241.    Elapsed: 0:00:53.
INFO:__main__:  Batch   160  of    241.    Elapsed: 0:00:53.
INFO:__main__:  Batch   161  of    241.    Elapsed: 0:00:54.
INFO:__main__:  Batch   162  of    241.    Elapsed: 0:00:54.
INFO:__main__:  Batch   163  of    241.    Elapsed: 0:00:54.
INFO:__main__:  Batch   164  of    241.    Elapsed: 0:00:55.
INFO:__main__:  Batch   165  of    241.    Elapsed: 0:00:55.
INFO:__main__:  Batch   166  of    241.    Elapsed: 0:00:55.
INFO:__main__:  Batch   167  of    241.    Elapsed: 0:00:56.
INFO:__main__:  Batch   168  of    241.    Elapsed: 0:00:56.
INFO:__main__:  Batch   169  of    241.    Elapsed: 0:00:56.
INFO:__main__:  Batch   170  of    241.    Elapsed: 0:00:57.
INFO:__main__:  Batch   171  of    241.    Elapsed: 0:00:57.
INFO:__main__:  Batch   172  of    241.    Elapsed: 0:00:57.
INFO:__main__:  Batch   173  of    241.    Elapsed: 0:00:58.
INFO:__main__:  Batch   174  of    241.    Elapsed: 0:00:58.
INFO:__main__:  Batch   175  of    241.    Elapsed: 0:00:58.
INFO:__main__:  Batch   176  of    241.    Elapsed: 0:00:59.
INFO:__main__:  Batch   177  of    241.    Elapsed: 0:00:59.
INFO:__main__:  Batch   178  of    241.    Elapsed: 0:00:59.
INFO:__main__:  Batch   179  of    241.    Elapsed: 0:01:00.
INFO:__main__:  Batch   180  of    241.    Elapsed: 0:01:00.
INFO:__main__:  Batch   181  of    241.    Elapsed: 0:01:00.
INFO:__main__:  Batch   182  of    241.    Elapsed: 0:01:01.
INFO:__main__:  Batch   183  of    241.    Elapsed: 0:01:01.
INFO:__main__:  Batch   184  of    241.    Elapsed: 0:01:01.
INFO:__main__:  Batch   185  of    241.    Elapsed: 0:01:02.
INFO:__main__:  Batch   186  of    241.    Elapsed: 0:01:02.
INFO:__main__:  Batch   187  of    241.    Elapsed: 0:01:02.
INFO:__main__:  Batch   188  of    241.    Elapsed: 0:01:03.
INFO:__main__:  Batch   189  of    241.    Elapsed: 0:01:03.
INFO:__main__:  Batch   190  of    241.    Elapsed: 0:01:03.
INFO:__main__:  Batch   191  of    241.    Elapsed: 0:01:04.
INFO:__main__:  Batch   192  of    241.    Elapsed: 0:01:04.
INFO:__main__:  Batch   193  of    241.    Elapsed: 0:01:04.
INFO:__main__:  Batch   194  of    241.    Elapsed: 0:01:05.
INFO:__main__:  Batch   195  of    241.    Elapsed: 0:01:05.
INFO:__main__:  Batch   196  of    241.    Elapsed: 0:01:05.
INFO:__main__:  Batch   197  of    241.    Elapsed: 0:01:06.
INFO:__main__:  Batch   198  of    241.    Elapsed: 0:01:06.
INFO:__main__:  Batch   199  of    241.    Elapsed: 0:01:06.
INFO:__main__:  Batch   200  of    241.    Elapsed: 0:01:07.
INFO:__main__:  Batch   201  of    241.    Elapsed: 0:01:07.
INFO:__main__:  Batch   202  of    241.    Elapsed: 0:01:07.
INFO:__main__:  Batch   203  of    241.    Elapsed: 0:01:08.
INFO:__main__:  Batch   204  of    241.    Elapsed: 0:01:08.
INFO:__main__:  Batch   205  of    241.    Elapsed: 0:01:08.
INFO:__main__:  Batch   206  of    241.    Elapsed: 0:01:09.
INFO:__main__:  Batch   207  of    241.    Elapsed: 0:01:09.
INFO:__main__:  Batch   208  of    241.    Elapsed: 0:01:09.
INFO:__main__:  Batch   209  of    241.    Elapsed: 0:01:10.
INFO:__main__:  Batch   210  of    241.    Elapsed: 0:01:10.
INFO:__main__:  Batch   211  of    241.    Elapsed: 0:01:10.
INFO:__main__:  Batch   212  of    241.    Elapsed: 0:01:11.
INFO:__main__:  Batch   213  of    241.    Elapsed: 0:01:11.
INFO:__main__:  Batch   214  of    241.    Elapsed: 0:01:11.
INFO:__main__:  Batch   215  of    241.    Elapsed: 0:01:11.
INFO:__main__:  Batch   216  of    241.    Elapsed: 0:01:12.
INFO:__main__:  Batch   217  of    241.    Elapsed: 0:01:12.
INFO:__main__:  Batch   218  of    241.    Elapsed: 0:01:12.
INFO:__main__:  Batch   219  of    241.    Elapsed: 0:01:13.
INFO:__main__:  Batch   220  of    241.    Elapsed: 0:01:13.
INFO:__main__:  Batch   221  of    241.    Elapsed: 0:01:13.
INFO:__main__:  Batch   222  of    241.    Elapsed: 0:01:14.
INFO:__main__:  Batch   223  of    241.    Elapsed: 0:01:14.
INFO:__main__:  Batch   224  of    241.    Elapsed: 0:01:14.
INFO:__main__:  Batch   225  of    241.    Elapsed: 0:01:15.
INFO:__main__:  Batch   226  of    241.    Elapsed: 0:01:15.
INFO:__main__:  Batch   227  of    241.    Elapsed: 0:01:15.
INFO:__main__:  Batch   228  of    241.    Elapsed: 0:01:16.
INFO:__main__:  Batch   229  of    241.    Elapsed: 0:01:16.
INFO:__main__:  Batch   230  of    241.    Elapsed: 0:01:16.
INFO:__main__:  Batch   231  of    241.    Elapsed: 0:01:17.
INFO:__main__:  Batch   232  of    241.    Elapsed: 0:01:17.
INFO:__main__:  Batch   233  of    241.    Elapsed: 0:01:17.
INFO:__main__:  Batch   234  of    241.    Elapsed: 0:01:18.
INFO:__main__:  Batch   235  of    241.    Elapsed: 0:01:18.
INFO:__main__:  Batch   236  of    241.    Elapsed: 0:01:18.
INFO:__main__:  Batch   237  of    241.    Elapsed: 0:01:19.
INFO:__main__:  Batch   238  of    241.    Elapsed: 0:01:19.
INFO:__main__:  Batch   239  of    241.    Elapsed: 0:01:19.
INFO:__main__:  Batch   240  of    241.    Elapsed: 0:01:20.
INFO:__main__:
INFO:__main__:  Average training loss: 0.12
INFO:__main__:  Training epcoh took: 0:01:20
INFO:__main__:
INFO:__main__:Running Validation...
INFO:__main__:  Accuracy: 0.82
INFO:__main__:  Validation Loss: 0.65
INFO:__main__:  Validation took: 0:00:03
INFO:__main__:
INFO:__main__:======== Epoch 5 / 5 ========
INFO:__main__:Training...
INFO:__main__:  Batch     0  of    241.    Elapsed: 0:00:00.
INFO:__main__:  Batch     1  of    241.    Elapsed: 0:00:00.
INFO:__main__:  Batch     2  of    241.    Elapsed: 0:00:01.
INFO:__main__:  Batch     3  of    241.    Elapsed: 0:00:01.
INFO:__main__:  Batch     4  of    241.    Elapsed: 0:00:01.
INFO:__main__:  Batch     5  of    241.    Elapsed: 0:00:02.
INFO:__main__:  Batch     6  of    241.    Elapsed: 0:00:02.
INFO:__main__:  Batch     7  of    241.    Elapsed: 0:00:02.
INFO:__main__:  Batch     8  of    241.    Elapsed: 0:00:03.
INFO:__main__:  Batch     9  of    241.    Elapsed: 0:00:03.
INFO:__main__:  Batch    10  of    241.    Elapsed: 0:00:03.
INFO:__main__:  Batch    11  of    241.    Elapsed: 0:00:04.
INFO:__main__:  Batch    12  of    241.    Elapsed: 0:00:04.
INFO:__main__:  Batch    13  of    241.    Elapsed: 0:00:04.
INFO:__main__:  Batch    14  of    241.    Elapsed: 0:00:05.
INFO:__main__:  Batch    15  of    241.    Elapsed: 0:00:05.
INFO:__main__:  Batch    16  of    241.    Elapsed: 0:00:05.
INFO:__main__:  Batch    17  of    241.    Elapsed: 0:00:06.
INFO:__main__:  Batch    18  of    241.    Elapsed: 0:00:06.
INFO:__main__:  Batch    19  of    241.    Elapsed: 0:00:06.
INFO:__main__:  Batch    20  of    241.    Elapsed: 0:00:07.
INFO:__main__:  Batch    21  of    241.    Elapsed: 0:00:07.
INFO:__main__:  Batch    22  of    241.    Elapsed: 0:00:07.
INFO:__main__:  Batch    23  of    241.    Elapsed: 0:00:08.
INFO:__main__:  Batch    24  of    241.    Elapsed: 0:00:08.
INFO:__main__:  Batch    25  of    241.    Elapsed: 0:00:08.
INFO:__main__:  Batch    26  of    241.    Elapsed: 0:00:09.
INFO:__main__:  Batch    27  of    241.    Elapsed: 0:00:09.
INFO:__main__:  Batch    28  of    241.    Elapsed: 0:00:09.
INFO:__main__:  Batch    29  of    241.    Elapsed: 0:00:10.
INFO:__main__:  Batch    30  of    241.    Elapsed: 0:00:10.
INFO:__main__:  Batch    31  of    241.    Elapsed: 0:00:10.
INFO:__main__:  Batch    32  of    241.    Elapsed: 0:00:11.
INFO:__main__:  Batch    33  of    241.    Elapsed: 0:00:11.
INFO:__main__:  Batch    34  of    241.    Elapsed: 0:00:11.
INFO:__main__:  Batch    35  of    241.    Elapsed: 0:00:12.
INFO:__main__:  Batch    36  of    241.    Elapsed: 0:00:12.
INFO:__main__:  Batch    37  of    241.    Elapsed: 0:00:12.
INFO:__main__:  Batch    38  of    241.    Elapsed: 0:00:13.
INFO:__main__:  Batch    39  of    241.    Elapsed: 0:00:13.
INFO:__main__:  Batch    40  of    241.    Elapsed: 0:00:13.
INFO:__main__:  Batch    41  of    241.    Elapsed: 0:00:14.
INFO:__main__:  Batch    42  of    241.    Elapsed: 0:00:14.
INFO:__main__:  Batch    43  of    241.    Elapsed: 0:00:14.
INFO:__main__:  Batch    44  of    241.    Elapsed: 0:00:15.
INFO:__main__:  Batch    45  of    241.    Elapsed: 0:00:15.
INFO:__main__:  Batch    46  of    241.    Elapsed: 0:00:15.
INFO:__main__:  Batch    47  of    241.    Elapsed: 0:00:16.
INFO:__main__:  Batch    48  of    241.    Elapsed: 0:00:16.
INFO:__main__:  Batch    49  of    241.    Elapsed: 0:00:16.
INFO:__main__:  Batch    50  of    241.    Elapsed: 0:00:17.
INFO:__main__:  Batch    51  of    241.    Elapsed: 0:00:17.
INFO:__main__:  Batch    52  of    241.    Elapsed: 0:00:17.
INFO:__main__:  Batch    53  of    241.    Elapsed: 0:00:17.
INFO:__main__:  Batch    54  of    241.    Elapsed: 0:00:18.
INFO:__main__:  Batch    55  of    241.    Elapsed: 0:00:18.
INFO:__main__:  Batch    56  of    241.    Elapsed: 0:00:18.
INFO:__main__:  Batch    57  of    241.    Elapsed: 0:00:19.
INFO:__main__:  Batch    58  of    241.    Elapsed: 0:00:19.
INFO:__main__:  Batch    59  of    241.    Elapsed: 0:00:19.
INFO:__main__:  Batch    60  of    241.    Elapsed: 0:00:20.
INFO:__main__:  Batch    61  of    241.    Elapsed: 0:00:20.
INFO:__main__:  Batch    62  of    241.    Elapsed: 0:00:20.
INFO:__main__:  Batch    63  of    241.    Elapsed: 0:00:21.
INFO:__main__:  Batch    64  of    241.    Elapsed: 0:00:21.
INFO:__main__:  Batch    65  of    241.    Elapsed: 0:00:21.
INFO:__main__:  Batch    66  of    241.    Elapsed: 0:00:22.
INFO:__main__:  Batch    67  of    241.    Elapsed: 0:00:22.
INFO:__main__:  Batch    68  of    241.    Elapsed: 0:00:22.
INFO:__main__:  Batch    69  of    241.    Elapsed: 0:00:23.
INFO:__main__:  Batch    70  of    241.    Elapsed: 0:00:23.
INFO:__main__:  Batch    71  of    241.    Elapsed: 0:00:24.
INFO:__main__:  Batch    72  of    241.    Elapsed: 0:00:24.
INFO:__main__:  Batch    73  of    241.    Elapsed: 0:00:24.
INFO:__main__:  Batch    74  of    241.    Elapsed: 0:00:25.
INFO:__main__:  Batch    75  of    241.    Elapsed: 0:00:25.
INFO:__main__:  Batch    76  of    241.    Elapsed: 0:00:25.
INFO:__main__:  Batch    77  of    241.    Elapsed: 0:00:26.
INFO:__main__:  Batch    78  of    241.    Elapsed: 0:00:26.
INFO:__main__:  Batch    79  of    241.    Elapsed: 0:00:26.
INFO:__main__:  Batch    80  of    241.    Elapsed: 0:00:27.
INFO:__main__:  Batch    81  of    241.    Elapsed: 0:00:27.
INFO:__main__:  Batch    82  of    241.    Elapsed: 0:00:27.
INFO:__main__:  Batch    83  of    241.    Elapsed: 0:00:28.
INFO:__main__:  Batch    84  of    241.    Elapsed: 0:00:28.
INFO:__main__:  Batch    85  of    241.    Elapsed: 0:00:28.
INFO:__main__:  Batch    86  of    241.    Elapsed: 0:00:29.
INFO:__main__:  Batch    87  of    241.    Elapsed: 0:00:29.
INFO:__main__:  Batch    88  of    241.    Elapsed: 0:00:29.
INFO:__main__:  Batch    89  of    241.    Elapsed: 0:00:29.
INFO:__main__:  Batch    90  of    241.    Elapsed: 0:00:30.
INFO:__main__:  Batch    91  of    241.    Elapsed: 0:00:30.
INFO:__main__:  Batch    92  of    241.    Elapsed: 0:00:30.
INFO:__main__:  Batch    93  of    241.    Elapsed: 0:00:31.
INFO:__main__:  Batch    94  of    241.    Elapsed: 0:00:31.
INFO:__main__:  Batch    95  of    241.    Elapsed: 0:00:31.
INFO:__main__:  Batch    96  of    241.    Elapsed: 0:00:32.
INFO:__main__:  Batch    97  of    241.    Elapsed: 0:00:32.
INFO:__main__:  Batch    98  of    241.    Elapsed: 0:00:32.
INFO:__main__:  Batch    99  of    241.    Elapsed: 0:00:33.
INFO:__main__:  Batch   100  of    241.    Elapsed: 0:00:33.
INFO:__main__:  Batch   101  of    241.    Elapsed: 0:00:33.
INFO:__main__:  Batch   102  of    241.    Elapsed: 0:00:34.
INFO:__main__:  Batch   103  of    241.    Elapsed: 0:00:34.
INFO:__main__:  Batch   104  of    241.    Elapsed: 0:00:34.
INFO:__main__:  Batch   105  of    241.    Elapsed: 0:00:35.
INFO:__main__:  Batch   106  of    241.    Elapsed: 0:00:35.
INFO:__main__:  Batch   107  of    241.    Elapsed: 0:00:35.
INFO:__main__:  Batch   108  of    241.    Elapsed: 0:00:36.
INFO:__main__:  Batch   109  of    241.    Elapsed: 0:00:36.
INFO:__main__:  Batch   110  of    241.    Elapsed: 0:00:36.
INFO:__main__:  Batch   111  of    241.    Elapsed: 0:00:37.
INFO:__main__:  Batch   112  of    241.    Elapsed: 0:00:37.
INFO:__main__:  Batch   113  of    241.    Elapsed: 0:00:37.
INFO:__main__:  Batch   114  of    241.    Elapsed: 0:00:38.
INFO:__main__:  Batch   115  of    241.    Elapsed: 0:00:38.
INFO:__main__:  Batch   116  of    241.    Elapsed: 0:00:38.
INFO:__main__:  Batch   117  of    241.    Elapsed: 0:00:39.
INFO:__main__:  Batch   118  of    241.    Elapsed: 0:00:39.
INFO:__main__:  Batch   119  of    241.    Elapsed: 0:00:39.
INFO:__main__:  Batch   120  of    241.    Elapsed: 0:00:40.
INFO:__main__:  Batch   121  of    241.    Elapsed: 0:00:40.
INFO:__main__:  Batch   122  of    241.    Elapsed: 0:00:40.
INFO:__main__:  Batch   123  of    241.    Elapsed: 0:00:41.
INFO:__main__:  Batch   124  of    241.    Elapsed: 0:00:41.
INFO:__main__:  Batch   125  of    241.    Elapsed: 0:00:41.
INFO:__main__:  Batch   126  of    241.    Elapsed: 0:00:42.
INFO:__main__:  Batch   127  of    241.    Elapsed: 0:00:42.
INFO:__main__:  Batch   128  of    241.    Elapsed: 0:00:42.
INFO:__main__:  Batch   129  of    241.    Elapsed: 0:00:43.
INFO:__main__:  Batch   130  of    241.    Elapsed: 0:00:43.
INFO:__main__:  Batch   131  of    241.    Elapsed: 0:00:43.
INFO:__main__:  Batch   132  of    241.    Elapsed: 0:00:44.
INFO:__main__:  Batch   133  of    241.    Elapsed: 0:00:44.
INFO:__main__:  Batch   134  of    241.    Elapsed: 0:00:44.
INFO:__main__:  Batch   135  of    241.    Elapsed: 0:00:45.
INFO:__main__:  Batch   136  of    241.    Elapsed: 0:00:45.
INFO:__main__:  Batch   137  of    241.    Elapsed: 0:00:45.
INFO:__main__:  Batch   138  of    241.    Elapsed: 0:00:46.
INFO:__main__:  Batch   139  of    241.    Elapsed: 0:00:46.
INFO:__main__:  Batch   140  of    241.    Elapsed: 0:00:46.
INFO:__main__:  Batch   141  of    241.    Elapsed: 0:00:47.
INFO:__main__:  Batch   142  of    241.    Elapsed: 0:00:47.
INFO:__main__:  Batch   143  of    241.    Elapsed: 0:00:47.
INFO:__main__:  Batch   144  of    241.    Elapsed: 0:00:48.
INFO:__main__:  Batch   145  of    241.    Elapsed: 0:00:48.
INFO:__main__:  Batch   146  of    241.    Elapsed: 0:00:48.
INFO:__main__:  Batch   147  of    241.    Elapsed: 0:00:49.
INFO:__main__:  Batch   148  of    241.    Elapsed: 0:00:49.
INFO:__main__:  Batch   149  of    241.    Elapsed: 0:00:49.
INFO:__main__:  Batch   150  of    241.    Elapsed: 0:00:50.
INFO:__main__:  Batch   151  of    241.    Elapsed: 0:00:50.
INFO:__main__:  Batch   152  of    241.    Elapsed: 0:00:50.
INFO:__main__:  Batch   153  of    241.    Elapsed: 0:00:51.
INFO:__main__:  Batch   154  of    241.    Elapsed: 0:00:51.
INFO:__main__:  Batch   155  of    241.    Elapsed: 0:00:51.
INFO:__main__:  Batch   156  of    241.    Elapsed: 0:00:52.
INFO:__main__:  Batch   157  of    241.    Elapsed: 0:00:52.
INFO:__main__:  Batch   158  of    241.    Elapsed: 0:00:52.
INFO:__main__:  Batch   159  of    241.    Elapsed: 0:00:53.
INFO:__main__:  Batch   160  of    241.    Elapsed: 0:00:53.
INFO:__main__:  Batch   161  of    241.    Elapsed: 0:00:53.
INFO:__main__:  Batch   162  of    241.    Elapsed: 0:00:54.
INFO:__main__:  Batch   163  of    241.    Elapsed: 0:00:54.
INFO:__main__:  Batch   164  of    241.    Elapsed: 0:00:54.
INFO:__main__:  Batch   165  of    241.    Elapsed: 0:00:55.
INFO:__main__:  Batch   166  of    241.    Elapsed: 0:00:55.
INFO:__main__:  Batch   167  of    241.    Elapsed: 0:00:55.
INFO:__main__:  Batch   168  of    241.    Elapsed: 0:00:56.
INFO:__main__:  Batch   169  of    241.    Elapsed: 0:00:56.
INFO:__main__:  Batch   170  of    241.    Elapsed: 0:00:56.
INFO:__main__:  Batch   171  of    241.    Elapsed: 0:00:57.
INFO:__main__:  Batch   172  of    241.    Elapsed: 0:00:57.
INFO:__main__:  Batch   173  of    241.    Elapsed: 0:00:57.
INFO:__main__:  Batch   174  of    241.    Elapsed: 0:00:58.
INFO:__main__:  Batch   175  of    241.    Elapsed: 0:00:58.
INFO:__main__:  Batch   176  of    241.    Elapsed: 0:00:58.
INFO:__main__:  Batch   177  of    241.    Elapsed: 0:00:59.
INFO:__main__:  Batch   178  of    241.    Elapsed: 0:00:59.
INFO:__main__:  Batch   179  of    241.    Elapsed: 0:00:59.
INFO:__main__:  Batch   180  of    241.    Elapsed: 0:01:00.
INFO:__main__:  Batch   181  of    241.    Elapsed: 0:01:00.
INFO:__main__:  Batch   182  of    241.    Elapsed: 0:01:00.
INFO:__main__:  Batch   183  of    241.    Elapsed: 0:01:01.
INFO:__main__:  Batch   184  of    241.    Elapsed: 0:01:01.
INFO:__main__:  Batch   185  of    241.    Elapsed: 0:01:01.
INFO:__main__:  Batch   186  of    241.    Elapsed: 0:01:02.
INFO:__main__:  Batch   187  of    241.    Elapsed: 0:01:02.
INFO:__main__:  Batch   188  of    241.    Elapsed: 0:01:02.
INFO:__main__:  Batch   189  of    241.    Elapsed: 0:01:03.
INFO:__main__:  Batch   190  of    241.    Elapsed: 0:01:03.
INFO:__main__:  Batch   191  of    241.    Elapsed: 0:01:03.
INFO:__main__:  Batch   192  of    241.    Elapsed: 0:01:04.
INFO:__main__:  Batch   193  of    241.    Elapsed: 0:01:04.
INFO:__main__:  Batch   194  of    241.    Elapsed: 0:01:04.
INFO:__main__:  Batch   195  of    241.    Elapsed: 0:01:05.
INFO:__main__:  Batch   196  of    241.    Elapsed: 0:01:05.
INFO:__main__:  Batch   197  of    241.    Elapsed: 0:01:05.
INFO:__main__:  Batch   198  of    241.    Elapsed: 0:01:06.
INFO:__main__:  Batch   199  of    241.    Elapsed: 0:01:06.
INFO:__main__:  Batch   200  of    241.    Elapsed: 0:01:06.
INFO:__main__:  Batch   201  of    241.    Elapsed: 0:01:07.
INFO:__main__:  Batch   202  of    241.    Elapsed: 0:01:07.
INFO:__main__:  Batch   203  of    241.    Elapsed: 0:01:07.
INFO:__main__:  Batch   204  of    241.    Elapsed: 0:01:08.
INFO:__main__:  Batch   205  of    241.    Elapsed: 0:01:08.
INFO:__main__:  Batch   206  of    241.    Elapsed: 0:01:08.
INFO:__main__:  Batch   207  of    241.    Elapsed: 0:01:09.
INFO:__main__:  Batch   208  of    241.    Elapsed: 0:01:09.
INFO:__main__:  Batch   209  of    241.    Elapsed: 0:01:09.
INFO:__main__:  Batch   210  of    241.    Elapsed: 0:01:10.
INFO:__main__:  Batch   211  of    241.    Elapsed: 0:01:10.
INFO:__main__:  Batch   212  of    241.    Elapsed: 0:01:10.
INFO:__main__:  Batch   213  of    241.    Elapsed: 0:01:11.
INFO:__main__:  Batch   214  of    241.    Elapsed: 0:01:11.
INFO:__main__:  Batch   215  of    241.    Elapsed: 0:01:11.
INFO:__main__:  Batch   216  of    241.    Elapsed: 0:01:12.
INFO:__main__:  Batch   217  of    241.    Elapsed: 0:01:12.
INFO:__main__:  Batch   218  of    241.    Elapsed: 0:01:12.
INFO:__main__:  Batch   219  of    241.    Elapsed: 0:01:13.
INFO:__main__:  Batch   220  of    241.    Elapsed: 0:01:13.
INFO:__main__:  Batch   221  of    241.    Elapsed: 0:01:13.
INFO:__main__:  Batch   222  of    241.    Elapsed: 0:01:14.
INFO:__main__:  Batch   223  of    241.    Elapsed: 0:01:14.
INFO:__main__:  Batch   224  of    241.    Elapsed: 0:01:14.
INFO:__main__:  Batch   225  of    241.    Elapsed: 0:01:15.
INFO:__main__:  Batch   226  of    241.    Elapsed: 0:01:15.
INFO:__main__:  Batch   227  of    241.    Elapsed: 0:01:15.
INFO:__main__:  Batch   228  of    241.    Elapsed: 0:01:16.
INFO:__main__:  Batch   229  of    241.    Elapsed: 0:01:16.
INFO:__main__:  Batch   230  of    241.    Elapsed: 0:01:16.
INFO:__main__:  Batch   231  of    241.    Elapsed: 0:01:17.
INFO:__main__:  Batch   232  of    241.    Elapsed: 0:01:17.
INFO:__main__:  Batch   233  of    241.    Elapsed: 0:01:17.
INFO:__main__:  Batch   234  of    241.    Elapsed: 0:01:18.
INFO:__main__:  Batch   235  of    241.    Elapsed: 0:01:18.
INFO:__main__:  Batch   236  of    241.    Elapsed: 0:01:18.
INFO:__main__:  Batch   237  of    241.    Elapsed: 0:01:19.
INFO:__main__:  Batch   238  of    241.    Elapsed: 0:01:19.
INFO:__main__:  Batch   239  of    241.    Elapsed: 0:01:19.
INFO:__main__:  Batch   240  of    241.    Elapsed: 0:01:20.
INFO:__main__:
INFO:__main__:  Average training loss: 0.09
INFO:__main__:  Training epcoh took: 0:01:20
INFO:__main__:
INFO:__main__:Running Validation...
INFO:__main__:  Accuracy: 0.83
INFO:__main__:  Validation Loss: 0.73
INFO:__main__:  Validation took: 0:00:03
INFO:__main__:
INFO:__main__:Training complete!
INFO:__main__:Total training took 0:06:57 (h:mm:ss)
